<?xml version="1.0" encoding="UTF-8"?>
<!-- Generated by org.testng.reporters.JUnitXMLReporter -->
<testsuite ignored="5" hostname="GOPINATH-LAP" failures="0" tests="1" name="ChromeTest" time="53.527" errors="0" timestamp="2022-07-25T18:03:15 IST">
  <testcase classname="execution.Smoke" name="Checkout_test" time="42.57"/>
  <testcase classname="execution.Smoke" name="Billing_valid" time="0.0">
    <ignored/>
  </testcase> <!-- Billing_valid -->
  <testcase classname="execution.Smoke" name="Manual_upload" time="0.0">
    <ignored/>
  </testcase> <!-- Manual_upload -->
  <testcase classname="execution.Smoke" name="Product_Description" time="0.0">
    <ignored/>
  </testcase> <!-- Product_Description -->
  <testcase classname="execution.Smoke" name="Logintest" time="0.0">
    <ignored/>
  </testcase> <!-- Logintest -->
  <testcase classname="execution.Smoke" name="Invalid_Logintest" time="0.0">
    <ignored/>
  </testcase> <!-- Invalid_Logintest -->
</testsuite> <!-- ChromeTest -->
