<?xml version="1.0" encoding="UTF-8"?>
<!-- Generated by org.testng.reporters.JUnitXMLReporter -->
<testsuite ignored="0" hostname="GOPINATH-LAPTOP" failures="0" tests="3" name="EdgeTest" time="2.259" errors="0" timestamp="2022-01-31T16:44:52 IST">
  <testcase classname="execution.Execution" name="Checkout_test" time="0.0">
    <skipped/>
  </testcase> <!-- Checkout_test -->
  <testcase classname="execution.Execution" name="Logintest" time="0.0">
    <skipped/>
  </testcase> <!-- Logintest -->
  <testcase classname="execution.Execution" name="Logintest" time="0.0">
    <skipped/>
  </testcase> <!-- Logintest -->
</testsuite> <!-- EdgeTest -->
